0 info it worked if it ends with ok
1 verbose cli [ 'C:\\Program Files (x86)\\nodejs\\\\node.exe',
1 verbose cli   'C:\\Program Files (x86)\\nodejs\\node_modules\\npm\\bin\\npm-cli.js',
1 verbose cli   'install',
1 verbose cli   '–g',
1 verbose cli   'express' ]
2 info using npm@2.5.1
3 info using node@v0.12.0
4 verbose node symlink C:\Program Files (x86)\nodejs\\node.exe
5 silly cache add args [ '–g', null ]
6 verbose cache add spec –g
7 silly cache add args [ 'express', null ]
8 verbose cache add spec express
9 silly cache add parsed spec { raw: '–g',
9 silly cache add   scope: null,
9 silly cache add   name: null,
9 silly cache add   rawSpec: '–g',
9 silly cache add   spec: 'D:\\corporate training\\node.js\\nodejs in 24 hrs\\shapeshed-nodejsbook.io.examples-14a58a1\\hour05\\example05\\–g',
9 silly cache add   type: 'local' }
10 silly cache add parsed spec { raw: 'express',
10 silly cache add   scope: null,
10 silly cache add   name: 'express',
10 silly cache add   rawSpec: '',
10 silly cache add   spec: '*',
10 silly cache add   type: 'range' }
11 verbose addNamed express@*
12 silly addNamed semver.valid null
13 silly addNamed semver.validRange *
14 silly addNameRange { name: 'express', range: '*', hasData: false }
15 silly mapToRegistry name express
16 silly mapToRegistry using default registry
17 silly mapToRegistry registry https://registry.npmjs.org/
18 silly mapToRegistry uri https://registry.npmjs.org/express
19 verbose addNameRange registry:https://registry.npmjs.org/express not in flight; fetching
20 error addLocal Could not install D:\corporate training\node.js\nodejs in 24 hrs\shapeshed-nodejsbook.io.examples-14a58a1\hour05\example05\–g
21 verbose request uri https://registry.npmjs.org/express
22 verbose request no auth needed
23 info attempt registry request try #1 at 4:45:07 PM
24 verbose request id 4954bb74dd526e62
25 http request GET https://registry.npmjs.org/express
26 http 200 https://registry.npmjs.org/express
27 silly get cb [ 200,
27 silly get   { server: 'CouchDB/1.5.0 (Erlang OTP/R16B03)',
27 silly get     etag: '"4T91WGFV2O0RORT83OKZ83OSV"',
27 silly get     'content-type': 'application/json',
27 silly get     'cache-control': 'max-age=60',
27 silly get     'content-length': '525899',
27 silly get     'accept-ranges': 'bytes',
27 silly get     date: 'Fri, 14 Aug 2015 11:15:17 GMT',
27 silly get     via: '1.1 varnish',
27 silly get     age: '50',
27 silly get     connection: 'keep-alive',
27 silly get     'x-served-by': 'cache-sin6923-SIN',
27 silly get     'x-cache': 'HIT',
27 silly get     'x-cache-hits': '3',
27 silly get     'x-timer': 'S1439550917.454612,VS0,VE0',
27 silly get     vary: 'Accept' } ]
28 verbose get saving express to C:\Users\Amarjeet\AppData\Roaming\npm-cache\registry.npmjs.org\express\.cache.json
29 silly addNameRange number 2 { name: 'express', range: '*', hasData: true }
30 silly addNameRange versions [ 'express',
30 silly addNameRange   [ '0.14.0',
30 silly addNameRange     '0.14.1',
30 silly addNameRange     '1.0.0',
30 silly addNameRange     '1.0.1',
30 silly addNameRange     '1.0.2',
30 silly addNameRange     '1.0.3',
30 silly addNameRange     '1.0.4',
30 silly addNameRange     '1.0.5',
30 silly addNameRange     '1.0.6',
30 silly addNameRange     '1.0.7',
30 silly addNameRange     '1.0.8',
30 silly addNameRange     '2.0.0',
30 silly addNameRange     '2.1.0',
30 silly addNameRange     '2.1.1',
30 silly addNameRange     '2.2.0',
30 silly addNameRange     '2.2.1',
30 silly addNameRange     '2.2.2',
30 silly addNameRange     '2.3.0',
30 silly addNameRange     '2.3.1',
30 silly addNameRange     '2.3.2',
30 silly addNameRange     '2.3.3',
30 silly addNameRange     '2.3.4',
30 silly addNameRange     '2.3.5',
30 silly addNameRange     '2.3.6',
30 silly addNameRange     '2.3.7',
30 silly addNameRange     '2.3.8',
30 silly addNameRange     '2.3.9',
30 silly addNameRange     '2.3.10',
30 silly addNameRange     '2.3.11',
30 silly addNameRange     '2.3.12',
30 silly addNameRange     '2.4.0',
30 silly addNameRange     '2.4.1',
30 silly addNameRange     '2.4.2',
30 silly addNameRange     '2.4.3',
30 silly addNameRange     '2.4.4',
30 silly addNameRange     '2.4.5',
30 silly addNameRange     '2.4.6',
30 silly addNameRange     '2.4.7',
30 silly addNameRange     '2.5.0',
30 silly addNameRange     '2.5.1',
30 silly addNameRange     '2.5.2',
30 silly addNameRange     '2.5.3',
30 silly addNameRange     '2.5.4',
30 silly addNameRange     '2.5.5',
30 silly addNameRange     '2.5.6',
30 silly addNameRange     '2.5.7',
30 silly addNameRange     '2.5.8',
30 silly addNameRange     '2.5.9',
30 silly addNameRange     '2.5.10',
30 silly addNameRange     '2.5.11',
30 silly addNameRange     '3.0.0',
30 silly addNameRange     '3.0.1',
30 silly addNameRange     '3.0.2',
30 silly addNameRange     '3.0.3',
30 silly addNameRange     '3.0.4',
30 silly addNameRange     '3.0.5',
30 silly addNameRange     '3.0.6',
30 silly addNameRange     '3.1.0',
30 silly addNameRange     '3.1.1',
30 silly addNameRange     '3.1.2',
30 silly addNameRange     '3.2.0',
30 silly addNameRange     '3.2.1',
30 silly addNameRange     '3.2.2',
30 silly addNameRange     '3.2.3',
30 silly addNameRange     '3.2.4',
30 silly addNameRange     '3.2.5',
30 silly addNameRange     '3.2.6',
30 silly addNameRange     '3.3.0',
30 silly addNameRange     '3.3.1',
30 silly addNameRange     '3.3.2',
30 silly addNameRange     '3.3.3',
30 silly addNameRange     '3.3.4',
30 silly addNameRange     '3.3.5',
30 silly addNameRange     '3.3.6',
30 silly addNameRange     '1.0.0-beta',
30 silly addNameRange     '1.0.0-beta2',
30 silly addNameRange     '1.0.0-rc',
30 silly addNameRange     '1.0.0-rc2',
30 silly addNameRange     '1.0.0-rc3',
30 silly addNameRange     '1.0.0-rc4',
30 silly addNameRange     '2.0.0-beta',
30 silly addNameRange     '2.0.0-beta2',
30 silly addNameRange     '2.0.0-beta3',
30 silly addNameRange     '2.0.0-rc',
30 silly addNameRange     '2.0.0-rc2',
30 silly addNameRange     '2.0.0-rc3',
30 silly addNameRange     '3.0.0-alpha1',
30 silly addNameRange     '3.0.0-alpha2',
30 silly addNameRange     '3.0.0-alpha3',
30 silly addNameRange     '3.0.0-alpha4',
30 silly addNameRange     '3.0.0-alpha5',
30 silly addNameRange     '3.0.0-beta1',
30 silly addNameRange     '3.0.0-beta2',
30 silly addNameRange     '3.0.0-beta3',
30 silly addNameRange     '3.0.0-beta4',
30 silly addNameRange     '3.0.0-beta6',
30 silly addNameRange     '3.0.0-beta7',
30 silly addNameRange     '3.0.0-rc1',
30 silly addNameRange     '3.0.0-rc2',
30 silly addNameRange     '3.0.0-rc3',
30 silly addNameRange     '3.0.0-rc4',
30 silly addNameRange     '3.0.0-rc5',
30 silly addNameRange     '3.3.7',
30 silly addNameRange     '3.3.8',
30 silly addNameRange     '3.4.0',
30 silly addNameRange     '3.4.1',
30 silly addNameRange     '3.4.2',
30 silly addNameRange     '3.4.3',
30 silly addNameRange     '3.4.4',
30 silly addNameRange     '3.4.5',
30 silly addNameRange     '3.4.6',
30 silly addNameRange     '3.4.7',
30 silly addNameRange     '3.4.8',
30 silly addNameRange     '4.0.0-rc1',
30 silly addNameRange     '4.0.0-rc2',
30 silly addNameRange     '3.5.0',
30 silly addNameRange     '4.0.0-rc3',
30 silly addNameRange     '4.0.0-rc4',
30 silly addNameRange     '3.5.1',
30 silly addNameRange     '4.0.0',
30 silly addNameRange     '3.5.2',
30 silly addNameRange     '4.1.0',
30 silly addNameRange     '4.1.1',
30 silly addNameRange     '3.5.3',
30 silly addNameRange     '4.1.2',
30 silly addNameRange     '3.6.0',
30 silly addNameRange     '4.2.0',
30 silly addNameRange     '3.7.0',
30 silly addNameRange     '3.8.0',
30 silly addNameRange     '4.3.0',
30 silly addNameRange     '4.3.1',
30 silly addNameRange     '3.8.1',
30 silly addNameRange     '4.3.2',
30 silly addNameRange     '3.9.0',
30 silly addNameRange     '4.4.0',
30 silly addNameRange     '4.4.1',
30 silly addNameRange     '3.10.0',
30 silly addNameRange     '3.10.1',
30 silly addNameRange     '3.10.2',
30 silly addNameRange     '3.10.3',
30 silly addNameRange     '3.10.4',
30 silly addNameRange     '4.4.2',
30 silly addNameRange     '3.10.5',
30 silly addNameRange     '4.4.3',
30 silly addNameRange     '3.11.0',
30 silly addNameRange     '4.4.4',
30 silly addNameRange     '3.12.0',
30 silly addNameRange     '3.12.1',
30 silly addNameRange     '4.4.5',
30 silly addNameRange     '3.13.0',
30 silly addNameRange     '4.5.0',
30 silly addNameRange     '4.5.1',
30 silly addNameRange     '3.14.0',
30 silly addNameRange     '4.6.0',
30 silly addNameRange     '4.6.1',
30 silly addNameRange     '3.15.0',
30 silly addNameRange     '4.7.0',
30 silly addNameRange     '3.15.1',
30 silly addNameRange     '4.7.1',
30 silly addNameRange     '3.15.2',
30 silly addNameRange     '4.7.2',
30 silly addNameRange     '4.7.3',
30 silly addNameRange     '3.15.3',
30 silly addNameRange     '4.7.4',
30 silly addNameRange     '3.16.0',
30 silly addNameRange     '4.8.0',
30 silly addNameRange     '3.16.1',
30 silly addNameRange     '4.8.1',
30 silly addNameRange     '3.16.2',
30 silly addNameRange     '4.8.2',
30 silly addNameRange     '3.16.3',
30 silly addNameRange     '3.16.4',
30 silly addNameRange     '4.8.3',
30 silly addNameRange     '3.16.5',
30 silly addNameRange     '3.16.6',
30 silly addNameRange     '4.8.4',
30 silly addNameRange     '3.16.7',
30 silly addNameRange     '4.8.5',
30 silly addNameRange     '3.16.8',
30 silly addNameRange     '4.8.6',
30 silly addNameRange     '3.16.9',
30 silly addNameRange     '4.8.7',
30 silly addNameRange     '3.16.10',
30 silly addNameRange     '4.8.8',
30 silly addNameRange     '3.17.0',
30 silly addNameRange     '3.17.1',
30 silly addNameRange     '4.9.0',
30 silly addNameRange     '3.17.2',
30 silly addNameRange     '4.9.1',
30 silly addNameRange     '4.9.2',
30 silly addNameRange     '3.17.3',
30 silly addNameRange     '4.9.3',
30 silly addNameRange     '3.17.4',
30 silly addNameRange     '4.9.4',
30 silly addNameRange     '3.17.5',
30 silly addNameRange     '4.9.5',
30 silly addNameRange     '3.17.6',
30 silly addNameRange     '3.17.7',
30 silly addNameRange     '4.9.6',
30 silly addNameRange     '4.9.7',
30 silly addNameRange     '3.17.8',
30 silly addNameRange     '4.9.8',
30 silly addNameRange     '3.18.0',
30 silly addNameRange     '3.18.1',
30 silly addNameRange     '4.10.0',
30 silly addNameRange     '3.18.2',
30 silly addNameRange     '4.10.1',
30 silly addNameRange     '5.0.0-alpha.1',
30 silly addNameRange     '3.18.3',
30 silly addNameRange     '4.10.2',
30 silly addNameRange     '3.18.4',
30 silly addNameRange     '4.10.3',
30 silly addNameRange     '4.10.4',
30 silly addNameRange     '4.10.5',
30 silly addNameRange     '3.18.5',
30 silly addNameRange     '3.18.6',
30 silly addNameRange     '4.10.6',
30 silly addNameRange     '4.10.7',
30 silly addNameRange     '3.19.0',
30 silly addNameRange     '4.10.8',
30 silly addNameRange     '4.11.0',
30 silly addNameRange     '3.19.1',
30 silly addNameRange     '4.11.1',
30 silly addNameRange     '3.19.2',
30 silly addNameRange     '4.11.2',
30 silly addNameRange     '3.20.0',
30 silly addNameRange     '4.12.0',
30 silly addNameRange     '3.20.1',
30 silly addNameRange     '4.12.1',
30 silly addNameRange     '4.12.2',
30 silly addNameRange     '3.20.2',
30 silly addNameRange     '4.12.3',
30 silly addNameRange     '3.20.3',
30 silly addNameRange     '4.12.4',
30 silly addNameRange     '3.21.0',
30 silly addNameRange     '4.13.0',
30 silly addNameRange     '3.21.1',
30 silly addNameRange     '4.13.1',
30 silly addNameRange     '5.0.0-alpha.2',
30 silly addNameRange     '3.21.2',
30 silly addNameRange     '4.13.2',
30 silly addNameRange     '4.13.3' ] ]
31 verbose addNamed express@4.13.3
32 silly addNamed semver.valid 4.13.3
33 silly addNamed semver.validRange 4.13.3
34 silly mapToRegistry name express
35 silly mapToRegistry using default registry
36 silly mapToRegistry registry https://registry.npmjs.org/
37 silly mapToRegistry uri https://registry.npmjs.org/express
38 verbose addRemoteTarball https://registry.npmjs.org/express/-/express-4.13.3.tgz not in flight; adding
39 verbose addRemoteTarball [ 'https://registry.npmjs.org/express/-/express-4.13.3.tgz',
39 verbose addRemoteTarball   'ddb2f1fb4502bf33598d2b032b037960ca6c80a3' ]
40 info retry fetch attempt 1 at 4:45:17 PM
41 info attempt registry request try #1 at 4:45:17 PM
42 http fetch GET https://registry.npmjs.org/express/-/express-4.13.3.tgz
43 http fetch 200 https://registry.npmjs.org/express/-/express-4.13.3.tgz
44 silly fetchAndShaCheck shasum ddb2f1fb4502bf33598d2b032b037960ca6c80a3
45 verbose addTmpTarball C:\Users\Amarjeet\AppData\Local\Temp\npm-6668-5b4041c4\registry.npmjs.org\express\-\express-4.13.3.tgz not in flight; adding
46 verbose addTmpTarball already have metadata; skipping unpack for express@4.13.3
47 silly cache afterAdd express@4.13.3
48 verbose afterAdd C:\Users\Amarjeet\AppData\Roaming\npm-cache\express\4.13.3\package\package.json not in flight; writing
49 verbose afterAdd C:\Users\Amarjeet\AppData\Roaming\npm-cache\express\4.13.3\package\package.json written
50 verbose stack Error: ENOENT, open 'D:\corporate training\node.js\nodejs in 24 hrs\shapeshed-nodejsbook.io.examples-14a58a1\hour05\example05\–g'
50 verbose stack     at Error (native)
51 verbose cwd D:\corporate training\node.js\nodejs in 24 hrs\shapeshed-nodejsbook.io.examples-14a58a1\hour05\example05
52 error Windows_NT 6.1.7601
53 error argv "C:\\Program Files (x86)\\nodejs\\\\node.exe" "C:\\Program Files (x86)\\nodejs\\node_modules\\npm\\bin\\npm-cli.js" "install" "–g" "express"
54 error node v0.12.0
55 error npm  v2.5.1
56 error path D:\corporate training\node.js\nodejs in 24 hrs\shapeshed-nodejsbook.io.examples-14a58a1\hour05\example05\–g
57 error code ENOENT
58 error errno -4058
59 error enoent ENOENT, open 'D:\corporate training\node.js\nodejs in 24 hrs\shapeshed-nodejsbook.io.examples-14a58a1\hour05\example05\–g'
59 error enoent This is most likely not a problem with npm itself
59 error enoent and is related to npm not being able to find a file.
60 verbose exit [ -4058, true ]
